<?xml version="1.0" encoding="UTF-8"?>
<!-- Generated by org.testng.reporters.JUnitReportReporter -->
<testsuite skipped="0" hostname="Srinivas-VAIO" name="feature.SmokeTest" tests="1" failures="0" timestamp="01 Sep 2019 14:12:57 GMT" time="11.387" errors="0">
  <testcase name="verifyWebsiteIsLive" time="11.387" classname="feature.SmokeTest"/>
</testsuite> <!-- feature.SmokeTest -->
