<?xml version="1.0" encoding="UTF-8"?>
<!-- Generated by org.testng.reporters.JUnitReportReporter -->
<testsuite skipped="0" hostname="Srinivas-VAIO" name="feature.SmokeTest" tests="1" failures="0" timestamp="04 Sep 2019 03:59:22 GMT" time="44.256" errors="0">
  <testcase name="checkForBrokenLinks" time="44.256" classname="feature.SmokeTest"/>
</testsuite> <!-- feature.SmokeTest -->
